<?xml version="1.0" encoding="UTF-8"?>
<!-- Generated by org.testng.reporters.JUnitReportReporter -->
<testsuite hostname="prangyapanda" failures="0" tests="1" name="com.N26.PetStoreTest.testcase.OrderId_Fetch" time="1.340" errors="0" timestamp="2022-03-24T23:40:52 IST" skipped="0">
  <testcase classname="com.N26.PetStoreTest.testcase.OrderId_Fetch" name="Order_Fetch" time="1.340"/>
  <system-out/>
</testsuite> <!-- com.N26.PetStoreTest.testcase.OrderId_Fetch -->
