<?xml version="1.0" encoding="UTF-8"?>
<!-- Generated by org.testng.reporters.JUnitReportReporter -->
<testsuite hostname="prangyapanda" failures="0" tests="4" name="com.N26.PetStoreTest.testcase.OrderId_Creation" time="5.420" errors="0" timestamp="2022-03-26T20:20:32 IST" skipped="0">
  <testcase classname="com.N26.PetStoreTest.testcase.OrderId_Creation" name="Order_create_Success" time="1.357"/>
  <system-out/>
  <testcase classname="com.N26.PetStoreTest.testcase.OrderId_Creation" name="Order_Fetch" time="1.332"/>
  <system-out/>
  <testcase classname="com.N26.PetStoreTest.testcase.OrderId_Creation" name="Store_Inventory" time="1.388"/>
  <system-out/>
  <testcase classname="com.N26.PetStoreTest.testcase.OrderId_Creation" name="store_Delete" time="1.343"/>
  <system-out/>
</testsuite> <!-- com.N26.PetStoreTest.testcase.OrderId_Creation -->
