<?xml version="1.0" encoding="UTF-8"?>
<!-- Generated by org.testng.reporters.JUnitReportReporter -->
<testsuite hostname="prangyapanda" failures="0" tests="2" name="com.N26.PetStoreTest.testcase.logIn" time="3.043" errors="0" timestamp="2022-03-26T20:20:32 IST" skipped="0">
  <testcase classname="com.N26.PetStoreTest.testcase.logIn" name="LogIn" time="1.526"/>
  <system-out/>
  <testcase classname="com.N26.PetStoreTest.testcase.logIn" name="Log_Out" time="1.517"/>
  <system-out/>
</testsuite> <!-- com.N26.PetStoreTest.testcase.logIn -->
