<?xml version="1.0" encoding="UTF-8"?>
<!-- Generated by org.testng.reporters.JUnitReportReporter -->
<testsuite hostname="prangyapanda" failures="0" tests="1" name="com.N26.PetStoreTest.testcase.UserCreation_With_List" time="1.380" errors="0" timestamp="2022-03-24T23:40:52 IST" skipped="0">
  <testcase classname="com.N26.PetStoreTest.testcase.UserCreation_With_List" name="UserCreationWithList" time="1.380"/>
  <system-out/>
</testsuite> <!-- com.N26.PetStoreTest.testcase.UserCreation_With_List -->
