<?xml version="1.0" encoding="UTF-8"?>
<!-- Generated by org.testng.reporters.JUnitReportReporter -->
<testsuite hostname="prangyapanda" failures="0" tests="1" name="com.N26.PetStoreTest.testcase.UserName_Fetch" time="1.363" errors="0" timestamp="2022-03-24T23:40:52 IST" skipped="0">
  <testcase classname="com.N26.PetStoreTest.testcase.UserName_Fetch" name="UserNameFetch" time="1.363"/>
  <system-out/>
</testsuite> <!-- com.N26.PetStoreTest.testcase.UserName_Fetch -->
