<?xml version="1.0" encoding="UTF-8"?>
<!-- Generated by org.testng.reporters.JUnitReportReporter -->
<testsuite hostname="prangyapanda" failures="0" tests="6" name="com.N26.PetStoreTest.testcase.User_Creation" time="8.021" errors="0" timestamp="2022-03-26T20:20:32 IST" skipped="0">
  <testcase classname="com.N26.PetStoreTest.testcase.User_Creation" name="User_Creation" time="1.324"/>
  <system-out/>
  <testcase classname="com.N26.PetStoreTest.testcase.User_Creation" name="UserCreationWithArray" time="1.370"/>
  <system-out/>
  <testcase classname="com.N26.PetStoreTest.testcase.User_Creation" name="UserCreationWithList" time="1.320"/>
  <system-out/>
  <testcase classname="com.N26.PetStoreTest.testcase.User_Creation" name="UserNameFetch" time="1.359"/>
  <system-out/>
  <testcase classname="com.N26.PetStoreTest.testcase.User_Creation" name="UserPutRequest" time="1.349"/>
  <system-out/>
  <testcase classname="com.N26.PetStoreTest.testcase.User_Creation" name="User_delete" time="1.299"/>
  <system-out/>
</testsuite> <!-- com.N26.PetStoreTest.testcase.User_Creation -->
